app/build/outputs/logs/manifest-merger-debug-report.txt
-- Merging decision tree log ---
manifest
ADDED from src\main\AndroidManifest.xml:2:1-44:12
	package
		ADDED from src\main\AndroidManifest.xml:3:2-35
		INJECTED from src\main\AndroidManifest.xml
		INJECTED from src\main\AndroidManifest.xml
	android:versionName
		ADDED from src\main\AndroidManifest.xml:4:2-27
		INJECTED from src\main\AndroidManifest.xml
		INJECTED from src\main\AndroidManifest.xml
	android:versionCode
		ADDED from src\main\AndroidManifest.xml:3:36-59
		INJECTED from src\main\AndroidManifest.xml
		INJECTED from src\main\AndroidManifest.xml
	xmlns:android
		ADDED from src\main\AndroidManifest.xml:2:11-69
uses-sdk
ADDED from src\main\AndroidManifest.xml:5:2-40
	android:targetSdkVersion
		INJECTED from src\main\AndroidManifest.xml
		INJECTED from src\main\AndroidManifest.xml
	android:minSdkVersion
		ADDED from src\main\AndroidManifest.xml:5:12-37
		INJECTED from src\main\AndroidManifest.xml
		INJECTED from src\main\AndroidManifest.xml
application
ADDED from src\main\AndroidManifest.xml:7:2-29:16
	android:label
		ADDED from src\main\AndroidManifest.xml:7:45-77
	android:icon
		ADDED from src\main\AndroidManifest.xml:7:15-44
activity#com.zijunlin.Zxing.Demo.MainActivity
ADDED from src\main\AndroidManifest.xml:8:3-16:14
	android:theme
		ADDED from src\main\AndroidManifest.xml:10:4-62
	android:name
		ADDED from src\main\AndroidManifest.xml:9:7-35
intent-filter#android.intent.action.MAIN+android.intent.category.LAUNCHER
ADDED from src\main\AndroidManifest.xml:12:4-15:20
action#android.intent.action.MAIN
ADDED from src\main\AndroidManifest.xml:13:5-57
	android:name
		ADDED from src\main\AndroidManifest.xml:13:13-54
category#android.intent.category.LAUNCHER
ADDED from src\main\AndroidManifest.xml:14:5-65
	android:name
		ADDED from src\main\AndroidManifest.xml:14:15-62
activity#com.zijunlin.Zxing.Demo.CaptureActivity
ADDED from src\main\AndroidManifest.xml:18:3-22:9
	android:screenOrientation
		ADDED from src\main\AndroidManifest.xml:21:13-49
	android:configChanges
		ADDED from src\main\AndroidManifest.xml:20:4-54
	android:name
		ADDED from src\main\AndroidManifest.xml:19:7-38
uses-permission#android.permission.CAMERA
ADDED from src\main\AndroidManifest.xml:31:2-61
	android:name
		ADDED from src\main\AndroidManifest.xml:31:19-59
uses-permission#android.permission.WRITE_EXTERNAL_STORAGE
ADDED from src\main\AndroidManifest.xml:32:2-77
	android:name
		ADDED from src\main\AndroidManifest.xml:32:19-75
uses-feature#android.hardware.camera
ADDED from src\main\AndroidManifest.xml:33:2-57
	android:name
		ADDED from src\main\AndroidManifest.xml:33:16-54
uses-feature#android.hardware.camera.autofocus
ADDED from src\main\AndroidManifest.xml:34:2-67
	android:name
		ADDED from src\main\AndroidManifest.xml:34:16-64
uses-permission#android.permission.VIBRATE
ADDED from src\main\AndroidManifest.xml:35:2-62
	android:name
		ADDED from src\main\AndroidManifest.xml:35:19-60
uses-permission#android.permission.FLASHLIGHT
ADDED from src\main\AndroidManifest.xml:36:4-67
	android:name
		ADDED from src\main\AndroidManifest.xml:36:21-65
supports-screens
ADDED from src\main\AndroidManifest.xml:38:5-43:37
	android:largeScreens
		ADDED from src\main\AndroidManifest.xml:41:9-36
	android:smallScreens
		ADDED from src\main\AndroidManifest.xml:39:9-36
	android:normalScreens
		ADDED from src\main\AndroidManifest.xml:40:9-37
	android:resizeable
		ADDED from src\main\AndroidManifest.xml:42:9-34
	android:anyDensity
		ADDED from src\main\AndroidManifest.xml:43:9-34